{"E:\\project\\marcopolo-mvp-frontend\\src\\common\\constants\\api.ts": {"path":"E:\\project\\marcopolo-mvp-frontend\\src\\common\\constants\\api.ts","statementMap":{"0":{"start":{"line":4,"column":13},"end":{"line":4,"column":20}},"1":{"start":{"line":17,"column":13},"end":{"line":17,"column":20}},"2":{"start":{"line":29,"column":13},"end":{"line":29,"column":17}},"3":{"start":{"line":39,"column":13},"end":{"line":39,"column":22}},"4":{"start":{"line":52,"column":13},"end":{"line":52,"column":22}},"5":{"start":{"line":67,"column":13},"end":{"line":67,"column":25}},"6":{"start":{"line":80,"column":13},"end":{"line":80,"column":24}},"7":{"start":{"line":95,"column":13},"end":{"line":95,"column":24}},"8":{"start":{"line":117,"column":13},"end":{"line":117,"column":24}},"9":{"start":{"line":141,"column":13},"end":{"line":141,"column":24}},"10":{"start":{"line":149,"column":13},"end":{"line":149,"column":25}},"11":{"start":{"line":161,"column":13},"end":{"line":161,"column":25}},"12":{"start":{"line":1,"column":20},"end":{"line":1,"column":null}},"13":{"start":{"line":4,"column":23},"end":{"line":149,"column":13}}},"fnMap":{"0":{"name":"(anonymous_1)","decl":{"start":{"line":4,"column":20},"end":{"line":4,"column":23}},"loc":{"start":{"line":4,"column":13},"end":{"line":4,"column":20}}},"1":{"name":"(anonymous_2)","decl":{"start":{"line":17,"column":20},"end":{"line":17,"column":23}},"loc":{"start":{"line":17,"column":13},"end":{"line":17,"column":20}}},"2":{"name":"(anonymous_3)","decl":{"start":{"line":29,"column":17},"end":{"line":29,"column":20}},"loc":{"start":{"line":29,"column":13},"end":{"line":29,"column":17}}},"3":{"name":"(anonymous_4)","decl":{"start":{"line":39,"column":22},"end":{"line":39,"column":25}},"loc":{"start":{"line":39,"column":13},"end":{"line":39,"column":22}}},"4":{"name":"(anonymous_5)","decl":{"start":{"line":52,"column":22},"end":{"line":52,"column":25}},"loc":{"start":{"line":52,"column":13},"end":{"line":52,"column":22}}},"5":{"name":"(anonymous_6)","decl":{"start":{"line":67,"column":25},"end":{"line":67,"column":28}},"loc":{"start":{"line":67,"column":13},"end":{"line":67,"column":25}}},"6":{"name":"(anonymous_7)","decl":{"start":{"line":80,"column":24},"end":{"line":80,"column":27}},"loc":{"start":{"line":80,"column":13},"end":{"line":80,"column":24}}},"7":{"name":"(anonymous_8)","decl":{"start":{"line":95,"column":24},"end":{"line":95,"column":27}},"loc":{"start":{"line":95,"column":13},"end":{"line":95,"column":24}}},"8":{"name":"(anonymous_9)","decl":{"start":{"line":117,"column":24},"end":{"line":117,"column":27}},"loc":{"start":{"line":117,"column":13},"end":{"line":117,"column":24}}},"9":{"name":"(anonymous_10)","decl":{"start":{"line":141,"column":24},"end":{"line":141,"column":27}},"loc":{"start":{"line":141,"column":13},"end":{"line":141,"column":24}}},"10":{"name":"(anonymous_11)","decl":{"start":{"line":149,"column":25},"end":{"line":149,"column":28}},"loc":{"start":{"line":149,"column":13},"end":{"line":149,"column":25}}},"11":{"name":"(anonymous_12)","decl":{"start":{"line":161,"column":25},"end":{"line":161,"column":28}},"loc":{"start":{"line":161,"column":13},"end":{"line":161,"column":25}}}},"branchMap":{},"s":{"0":0,"1":0,"2":0,"3":0,"4":0,"5":0,"6":0,"7":0,"8":0,"9":0,"10":0,"11":0,"12":0,"13":0},"f":{"0":0,"1":0,"2":0,"3":0,"4":0,"5":0,"6":0,"7":0,"8":0,"9":0,"10":0,"11":0},"b":{}}
,"E:\\project\\marcopolo-mvp-frontend\\src\\pages\\api\\file.js": {"path":"E:\\project\\marcopolo-mvp-frontend\\src\\pages\\api\\file.js","statementMap":{"0":{"start":{"line":4,"column":13},"end":{"line":4,"column":19}},"1":{"start":{"line":27,"column":0},"end":{"line":27,"column":15}},"2":{"start":{"line":1,"column":23},"end":{"line":1,"column":null}},"3":{"start":{"line":2,"column":15},"end":{"line":2,"column":null}},"4":{"start":{"line":4,"column":22},"end":{"line":8,"column":null}},"5":{"start":{"line":10,"column":13},"end":{"line":18,"column":null}},"6":{"start":{"line":11,"column":15},"end":{"line":11,"column":null}},"7":{"start":{"line":12,"column":2},"end":{"line":17,"column":null}},"8":{"start":{"line":14,"column":4},"end":{"line":14,"column":null}},"9":{"start":{"line":15,"column":4},"end":{"line":15,"column":null}},"10":{"start":{"line":16,"column":4},"end":{"line":16,"column":null}},"11":{"start":{"line":20,"column":17},"end":{"line":25,"column":null}},"12":{"start":{"line":21,"column":2},"end":{"line":21,"column":null}},"13":{"start":{"line":22,"column":15},"end":{"line":22,"column":null}},"14":{"start":{"line":23,"column":2},"end":{"line":23,"column":null}},"15":{"start":{"line":24,"column":2},"end":{"line":24,"column":null}},"16":{"start":{"line":27,"column":15},"end":{"line":37,"column":2}},"17":{"start":{"line":28,"column":2},"end":{"line":36,"column":null}}},"fnMap":{"0":{"name":"(anonymous_1)","decl":{"start":{"line":4,"column":19},"end":{"line":4,"column":22}},"loc":{"start":{"line":4,"column":13},"end":{"line":4,"column":19}}},"1":{"name":"(anonymous_2)","decl":{"start":{"line":37,"column":2},"end":{"line":37,"column":null}},"loc":{"start":{"line":27,"column":0},"end":{"line":27,"column":15}}},"2":{"name":"(anonymous_4)","decl":{"start":{"line":10,"column":13},"end":{"line":10,"column":20}},"loc":{"start":{"line":10,"column":33},"end":{"line":18,"column":null}}},"3":{"name":"(anonymous_5)","decl":{"start":{"line":12,"column":18},"end":{"line":12,"column":34}},"loc":{"start":{"line":12,"column":54},"end":{"line":17,"column":null}}},"4":{"name":"(anonymous_6)","decl":{"start":{"line":20,"column":17},"end":{"line":20,"column":24}},"loc":{"start":{"line":20,"column":33},"end":{"line":25,"column":null}}},"5":{"name":"(anonymous_7)","decl":{"start":{"line":27,"column":15},"end":{"line":27,"column":16}},"loc":{"start":{"line":27,"column":29},"end":{"line":37,"column":2}}}},"branchMap":{"0":{"loc":{"start":{"line":28,"column":2},"end":{"line":36,"column":30}},"type":"cond-expr","locations":[{"start":{"line":29,"column":6},"end":{"line":29,"column":null}},{"start":{"line":30,"column":6},"end":{"line":36,"column":30}}]},"1":{"loc":{"start":{"line":30,"column":6},"end":{"line":36,"column":30}},"type":"cond-expr","locations":[{"start":{"line":31,"column":6},"end":{"line":31,"column":null}},{"start":{"line":32,"column":6},"end":{"line":36,"column":30}}]},"2":{"loc":{"start":{"line":32,"column":6},"end":{"line":36,"column":30}},"type":"cond-expr","locations":[{"start":{"line":33,"column":6},"end":{"line":33,"column":null}},{"start":{"line":34,"column":6},"end":{"line":36,"column":30}}]},"3":{"loc":{"start":{"line":34,"column":6},"end":{"line":36,"column":30}},"type":"cond-expr","locations":[{"start":{"line":35,"column":6},"end":{"line":35,"column":null}},{"start":{"line":36,"column":6},"end":{"line":36,"column":30}}]}},"s":{"0":0,"1":0,"2":0,"3":0,"4":0,"5":0,"6":0,"7":0,"8":0,"9":0,"10":0,"11":0,"12":0,"13":0,"14":0,"15":0,"16":0,"17":0},"f":{"0":0,"1":0,"2":0,"3":0,"4":0,"5":0},"b":{"0":[0,0],"1":[0,0],"2":[0,0],"3":[0,0]}}
,"E:\\project\\marcopolo-mvp-frontend\\src\\pages\\products\\createProduct.tsx": {"path":"E:\\project\\marcopolo-mvp-frontend\\src\\pages\\products\\createProduct.tsx","statementMap":{"0":{"start":{"line":7,"column":24},"end":{"line":7,"column":34}},"1":{"start":{"line":1,"column":25},"end":{"line":1,"column":null}},"2":{"start":{"line":3,"column":43},"end":{"line":3,"column":null}},"3":{"start":{"line":4,"column":17},"end":{"line":4,"column":null}},"4":{"start":{"line":5,"column":19},"end":{"line":5,"column":null}},"5":{"start":{"line":9,"column":21},"end":{"line":19,"column":null}},"6":{"start":{"line":20,"column":4},"end":{"line":20,"column":null}},"7":{"start":{"line":22,"column":28},"end":{"line":22,"column":null}},"8":{"start":{"line":23,"column":48},"end":{"line":23,"column":null}},"9":{"start":{"line":25,"column":25},"end":{"line":32,"column":null}},"10":{"start":{"line":26,"column":4},"end":{"line":31,"column":5}},"11":{"start":{"line":27,"column":16},"end":{"line":27,"column":37}},"12":{"start":{"line":29,"column":6},"end":{"line":29,"column":null}},"13":{"start":{"line":30,"column":6},"end":{"line":30,"column":null}},"14":{"start":{"line":34,"column":20},"end":{"line":36,"column":null}},"15":{"start":{"line":35,"column":4},"end":{"line":35,"column":null}},"16":{"start":{"line":38,"column":25},"end":{"line":60,"column":null}},"17":{"start":{"line":39,"column":21},"end":{"line":39,"column":null}},"18":{"start":{"line":40,"column":4},"end":{"line":40,"column":null}},"19":{"start":{"line":41,"column":4},"end":{"line":41,"column":null}},"20":{"start":{"line":54,"column":21},"end":{"line":59,"column":null}},"21":{"start":{"line":78,"column":25},"end":{"line":78,"column":null}}},"fnMap":{"0":{"name":"(anonymous_0)","decl":{"start":{"line":7,"column":24},"end":{"line":7,"column":34}},"loc":{"start":{"line":7,"column":24},"end":{"line":7,"column":34}}},"1":{"name":"createOrder","decl":{"start":{"line":8,"column":17},"end":{"line":8,"column":31}},"loc":{"start":{"line":8,"column":31},"end":{"line":21,"column":null}}},"2":{"name":"(anonymous_4)","decl":{"start":{"line":25,"column":25},"end":{"line":25,"column":26}},"loc":{"start":{"line":25,"column":36},"end":{"line":32,"column":null}}},"3":{"name":"(anonymous_5)","decl":{"start":{"line":34,"column":20},"end":{"line":34,"column":26}},"loc":{"start":{"line":34,"column":26},"end":{"line":36,"column":null}}},"4":{"name":"(anonymous_6)","decl":{"start":{"line":38,"column":25},"end":{"line":38,"column":32}},"loc":{"start":{"line":38,"column":42},"end":{"line":60,"column":null}}},"5":{"name":"(anonymous_7)","decl":{"start":{"line":78,"column":19},"end":{"line":78,"column":25}},"loc":{"start":{"line":78,"column":25},"end":{"line":78,"column":null}}}},"branchMap":{"0":{"loc":{"start":{"line":26,"column":4},"end":{"line":31,"column":5}},"type":"if","locations":[{"start":{"line":26,"column":4},"end":{"line":31,"column":5}}]},"1":{"loc":{"start":{"line":26,"column":8},"end":{"line":26,"column":51}},"type":"binary-expr","locations":[{"start":{"line":26,"column":8},"end":{"line":26,"column":26}},{"start":{"line":26,"column":30},"end":{"line":26,"column":51}}]}},"s":{"0":0,"1":0,"2":0,"3":0,"4":0,"5":0,"6":0,"7":0,"8":0,"9":0,"10":0,"11":0,"12":0,"13":0,"14":0,"15":0,"16":0,"17":0,"18":0,"19":0,"20":0,"21":0},"f":{"0":0,"1":0,"2":0,"3":0,"4":0,"5":0},"b":{"0":[0],"1":[0,0]}}
,"E:\\project\\marcopolo-mvp-frontend\\src\\templates\\Main.tsx": {"path":"E:\\project\\marcopolo-mvp-frontend\\src\\templates\\Main.tsx","statementMap":{"0":{"start":{"line":14,"column":24},"end":{"line":14,"column":29}},"1":{"start":{"line":1,"column":26},"end":{"line":1,"column":null}},"2":{"start":{"line":3,"column":37},"end":{"line":3,"column":null}},"3":{"start":{"line":5,"column":28},"end":{"line":5,"column":null}},"4":{"start":{"line":6,"column":19},"end":{"line":6,"column":null}},"5":{"start":{"line":7,"column":24},"end":{"line":7,"column":null}},"6":{"start":{"line":15,"column":40},"end":{"line":15,"column":null}},"7":{"start":{"line":16,"column":17},"end":{"line":16,"column":null}},"8":{"start":{"line":17,"column":15},"end":{"line":17,"column":null}},"9":{"start":{"line":18,"column":38},"end":{"line":18,"column":null}}},"fnMap":{"0":{"name":"(anonymous_0)","decl":{"start":{"line":14,"column":24},"end":{"line":14,"column":29}},"loc":{"start":{"line":14,"column":24},"end":{"line":14,"column":29}}}},"branchMap":{},"s":{"0":0,"1":0,"2":0,"3":0,"4":0,"5":0,"6":0,"7":0,"8":0,"9":0},"f":{"0":0},"b":{}}
}
