TN:
SF:src\common\constants\api.ts
FN:4,(anonymous_1)
FN:17,(anonymous_2)
FN:29,(anonymous_3)
FN:39,(anonymous_4)
FN:52,(anonymous_5)
FN:67,(anonymous_6)
FN:80,(anonymous_7)
FN:95,(anonymous_8)
FN:117,(anonymous_9)
FN:141,(anonymous_10)
FN:149,(anonymous_11)
FN:161,(anonymous_12)
FNF:12
FNH:0
FNDA:0,(anonymous_1)
FNDA:0,(anonymous_2)
FNDA:0,(anonymous_3)
FNDA:0,(anonymous_4)
FNDA:0,(anonymous_5)
FNDA:0,(anonymous_6)
FNDA:0,(anonymous_7)
FNDA:0,(anonymous_8)
FNDA:0,(anonymous_9)
FNDA:0,(anonymous_10)
FNDA:0,(anonymous_11)
FNDA:0,(anonymous_12)
DA:1,0
DA:4,0
DA:17,0
DA:29,0
DA:39,0
DA:52,0
DA:67,0
DA:80,0
DA:95,0
DA:117,0
DA:141,0
DA:149,0
DA:161,0
LF:13
LH:0
BRF:0
BRH:0
end_of_record
TN:
SF:src\pages\api\file.js
FN:4,(anonymous_1)
FN:37,(anonymous_2)
FN:10,(anonymous_4)
FN:12,(anonymous_5)
FN:20,(anonymous_6)
FN:27,(anonymous_7)
FNF:6
FNH:0
FNDA:0,(anonymous_1)
FNDA:0,(anonymous_2)
FNDA:0,(anonymous_4)
FNDA:0,(anonymous_5)
FNDA:0,(anonymous_6)
FNDA:0,(anonymous_7)
DA:1,0
DA:2,0
DA:4,0
DA:10,0
DA:11,0
DA:12,0
DA:14,0
DA:15,0
DA:16,0
DA:20,0
DA:21,0
DA:22,0
DA:23,0
DA:24,0
DA:27,0
DA:28,0
LF:16
LH:0
BRDA:28,0,0,0
BRDA:28,0,1,0
BRDA:30,1,0,0
BRDA:30,1,1,0
BRDA:32,2,0,0
BRDA:32,2,1,0
BRDA:34,3,0,0
BRDA:34,3,1,0
BRF:8
BRH:0
end_of_record
TN:
SF:src\pages\products\createProduct.tsx
FN:7,(anonymous_0)
FN:8,createOrder
FN:25,(anonymous_4)
FN:34,(anonymous_5)
FN:38,(anonymous_6)
FN:78,(anonymous_7)
FNF:6
FNH:0
FNDA:0,(anonymous_0)
FNDA:0,createOrder
FNDA:0,(anonymous_4)
FNDA:0,(anonymous_5)
FNDA:0,(anonymous_6)
FNDA:0,(anonymous_7)
DA:1,0
DA:3,0
DA:4,0
DA:5,0
DA:7,0
DA:9,0
DA:20,0
DA:22,0
DA:23,0
DA:25,0
DA:26,0
DA:27,0
DA:29,0
DA:30,0
DA:34,0
DA:35,0
DA:38,0
DA:39,0
DA:40,0
DA:41,0
DA:54,0
DA:78,0
LF:22
LH:0
BRDA:26,0,0,0
BRDA:26,1,0,0
BRDA:26,1,1,0
BRF:3
BRH:0
end_of_record
TN:
SF:src\templates\Main.tsx
FN:14,(anonymous_0)
FNF:1
FNH:0
FNDA:0,(anonymous_0)
DA:1,0
DA:3,0
DA:5,0
DA:6,0
DA:7,0
DA:14,0
DA:15,0
DA:16,0
DA:17,0
DA:18,0
LF:10
LH:0
BRF:0
BRH:0
end_of_record
